c:\users\1501343\desktop\卒制\trunk\project\rrmlibproject\rrmlib\release\rrmlib.pdb
c:\users\1501343\desktop\卒制\trunk\project\rrmlibproject\rrmlib\release\xaudio.obj
c:\users\1501343\desktop\卒制\trunk\project\rrmlibproject\rrmlib\release\windowcontrol.obj
c:\users\1501343\desktop\卒制\trunk\project\rrmlibproject\rrmlib\release\soundmanager.obj
c:\users\1501343\desktop\卒制\trunk\project\rrmlibproject\rrmlib\release\rrmlib.obj
c:\users\1501343\desktop\卒制\trunk\project\rrmlibproject\rrmlib\release\renderer.obj
c:\users\1501343\desktop\卒制\trunk\project\rrmlibproject\rrmlib\release\readmp3.obj
c:\users\1501343\desktop\卒制\trunk\project\rrmlibproject\rrmlib\release\mediaplayer.obj
c:\users\1501343\desktop\卒制\trunk\project\rrmlibproject\rrmlib\release\mediacontrol.obj
c:\users\1501343\desktop\卒制\trunk\project\rrmlibproject\rrmlib\release\graphic.obj
c:\users\1501343\desktop\卒制\trunk\project\rrmlibproject\rrmlib\release\geometrygraph.obj
c:\users\1501343\desktop\卒制\trunk\project\rrmlibproject\rrmlib\release\dinput.obj
c:\users\1501343\desktop\卒制\trunk\project\rrmlibproject\rrmlib\release\devicedx11.obj
c:\users\1501343\desktop\卒制\trunk\project\rrmlibproject\rrmlib\release\graphlist.obj
c:\users\1501343\desktop\卒制\trunk\project\rrmlibproject\rrmlib\release\keyboard.obj
c:\users\1501343\desktop\卒制\trunk\project\rrmlibproject\release\2dshader.cso
c:\users\1501343\desktop\卒制\trunk\project\rrmlibproject\release\baseshader.cso
c:\users\1501343\desktop\卒制\trunk\project\rrmlibproject\release\rrmlib.lib
c:\users\1501343\desktop\卒制\trunk\project\rrmlibproject\rrmlib\release\rrmlib.tlog\cl.command.1.tlog
c:\users\1501343\desktop\卒制\trunk\project\rrmlibproject\rrmlib\release\rrmlib.tlog\cl.read.1.tlog
c:\users\1501343\desktop\卒制\trunk\project\rrmlibproject\rrmlib\release\rrmlib.tlog\cl.write.1.tlog
c:\users\1501343\desktop\卒制\trunk\project\rrmlibproject\rrmlib\release\rrmlib.tlog\fxc.command.1.tlog
c:\users\1501343\desktop\卒制\trunk\project\rrmlibproject\rrmlib\release\rrmlib.tlog\fxc.read.1.tlog
c:\users\1501343\desktop\卒制\trunk\project\rrmlibproject\rrmlib\release\rrmlib.tlog\fxc.write.1.tlog
c:\users\1501343\desktop\卒制\trunk\project\rrmlibproject\rrmlib\release\rrmlib.tlog\lib-link.read.1.tlog
c:\users\1501343\desktop\卒制\trunk\project\rrmlibproject\rrmlib\release\rrmlib.tlog\lib-link.write.1.tlog
c:\users\1501343\desktop\卒制\trunk\project\rrmlibproject\rrmlib\release\rrmlib.tlog\lib.command.1.tlog
c:\users\1501343\desktop\卒制\trunk\project\rrmlibproject\rrmlib\release\rrmlib.tlog\rrmlib.write.1u.tlog
