c:\users\1501344\desktop\新しいフォルダー (2)\trunk\project\rrmprojects\rrmproject\x64\debug\vc140.pdb
c:\users\1501344\desktop\新しいフォルダー (2)\trunk\project\rrmprojects\rrmproject\x64\debug\vc140.idb
c:\users\1501343\desktop\卒制\trunk\project\rrmprojects\rrmproject\x64\debug\vc140.pdb
c:\users\1501343\desktop\卒制\trunk\project\rrmprojects\rrmproject\x64\debug\vc140.idb
c:\users\1501343\desktop\卒制\trunk\project\rrmprojects\rrmproject\x64\debug\rect.obj
c:\users\1501343\desktop\卒制\trunk\project\rrmprojects\rrmproject\x64\debug\rectobj.obj
c:\users\1501343\desktop\卒制\trunk\project\rrmprojects\rrmproject\x64\debug\shootingstar.obj
c:\users\1501343\desktop\卒制\trunk\project\rrmprojects\rrmproject\x64\debug\sinbullet.obj
c:\users\1501343\desktop\卒制\trunk\project\rrmprojects\rrmproject\x64\debug\slowdown.obj
c:\users\1501343\desktop\卒制\trunk\project\rrmprojects\rrmproject\x64\debug\soundmanager.obj
c:\users\1501343\desktop\卒制\trunk\project\rrmprojects\rrmproject\x64\debug\spell.obj
c:\users\1501343\desktop\卒制\trunk\project\rrmprojects\rrmproject\x64\debug\testspell.obj
c:\users\1501343\desktop\卒制\trunk\project\rrmprojects\rrmproject\x64\debug\timer.obj
c:\users\1501343\desktop\卒制\trunk\project\rrmprojects\rrmproject\x64\debug\ui.obj
c:\users\1501343\desktop\卒制\trunk\project\rrmprojects\rrmproject\x64\debug\uifactory.obj
c:\users\1501343\desktop\卒制\trunk\project\rrmprojects\rrmproject\x64\debug\uimanager.obj
c:\users\1501343\desktop\卒制\trunk\project\rrmprojects\rrmproject\x64\debug\upeffect.obj
c:\users\1501343\desktop\卒制\trunk\project\rrmprojects\rrmproject\x64\debug\xinput.obj
c:\users\1501343\desktop\卒制\trunk\project\rrmprojects\rrmproject\x64\debug\main.obj
c:\users\1501343\desktop\卒制\trunk\project\rrmprojects\rrmproject\x64\debug\menuscene.obj
c:\users\1501343\desktop\卒制\trunk\project\rrmprojects\rrmproject\x64\debug\officialscene.obj
c:\users\1501343\desktop\卒制\trunk\project\rrmprojects\rrmproject\x64\debug\resultscene.obj
c:\users\1501343\desktop\卒制\trunk\project\rrmprojects\rrmproject\x64\debug\scene.obj
c:\users\1501343\desktop\卒制\trunk\project\rrmprojects\rrmproject\x64\debug\titlescene.obj
c:\users\1501343\desktop\卒制\trunk\project\rrmprojects\rrmproject\x64\debug\gamemain.obj
c:\users\1501343\desktop\卒制\trunk\project\rrmprojects\rrmproject\x64\debug\gameoverscene.obj
c:\users\1501343\desktop\卒制\trunk\project\rrmprojects\rrmproject\x64\debug\gamescene.obj
c:\users\1501343\desktop\卒制\trunk\project\rrmprojects\rrmproject\x64\debug\gametime.obj
c:\users\1501343\desktop\卒制\trunk\project\rrmprojects\rrmproject\x64\debug\generaleffect.obj
c:\users\1501343\desktop\卒制\trunk\project\rrmprojects\rrmproject\x64\debug\graphicload.obj
c:\users\1501343\desktop\卒制\trunk\project\rrmprojects\rrmproject\x64\debug\hamburger.obj
c:\users\1501343\desktop\卒制\trunk\project\rrmprojects\rrmproject\x64\debug\hitpoint.obj
c:\users\1501343\desktop\卒制\trunk\project\rrmprojects\rrmproject\x64\debug\homingbullet.obj
c:\users\1501343\desktop\卒制\trunk\project\rrmprojects\rrmproject\x64\debug\hpbar.obj
c:\users\1501343\desktop\卒制\trunk\project\rrmprojects\rrmproject\x64\debug\lazer.obj
c:\users\1501343\desktop\卒制\trunk\project\rrmprojects\rrmproject\x64\debug\mapmanager.obj
c:\users\1501343\desktop\卒制\trunk\project\rrmprojects\rrmproject\x64\debug\maprendar.obj
c:\users\1501343\desktop\卒制\trunk\project\rrmprojects\rrmproject\x64\debug\meat.obj
c:\users\1501343\desktop\卒制\trunk\project\rrmprojects\rrmproject\x64\debug\multihitprotect.obj
c:\users\1501343\desktop\卒制\trunk\project\rrmprojects\rrmproject\x64\debug\mushroom.obj
c:\users\1501343\desktop\卒制\trunk\project\rrmprojects\rrmproject\x64\debug\normalbullet.obj
c:\users\1501343\desktop\卒制\trunk\project\rrmprojects\rrmproject\x64\debug\object.obj
c:\users\1501343\desktop\卒制\trunk\project\rrmprojects\rrmproject\x64\debug\player.obj
c:\users\1501343\desktop\卒制\trunk\project\rrmprojects\rrmproject\x64\debug\powerpoint.obj
c:\users\1501343\desktop\卒制\trunk\project\rrmprojects\rrmproject\x64\debug\circleobj.obj
c:\users\1501343\desktop\卒制\trunk\project\rrmprojects\rrmproject\x64\debug\circleshot.obj
c:\users\1501343\desktop\卒制\trunk\project\rrmprojects\rrmproject\x64\debug\clearscene.obj
c:\users\1501343\desktop\卒制\trunk\project\rrmprojects\rrmproject\x64\debug\collision.obj
c:\users\1501343\desktop\卒制\trunk\project\rrmprojects\rrmproject\x64\debug\comet.obj
c:\users\1501343\desktop\卒制\trunk\project\rrmprojects\rrmproject\x64\debug\datamanager.obj
c:\users\1501343\desktop\卒制\trunk\project\rrmprojects\rrmproject\x64\debug\deffusionbullet.obj
c:\users\1501343\desktop\卒制\trunk\project\rrmprojects\rrmproject\x64\debug\digestion.obj
c:\users\1501343\desktop\卒制\trunk\project\rrmprojects\rrmproject\x64\debug\dinput.obj
c:\users\1501343\desktop\卒制\trunk\project\rrmprojects\rrmproject\x64\debug\downeffect.obj
c:\users\1501343\desktop\卒制\trunk\project\rrmprojects\rrmproject\x64\debug\effect.obj
c:\users\1501343\desktop\卒制\trunk\project\rrmprojects\rrmproject\x64\debug\effectfactory.obj
c:\users\1501343\desktop\卒制\trunk\project\rrmprojects\rrmproject\x64\debug\effectmanager.obj
c:\users\1501343\desktop\卒制\trunk\project\rrmprojects\rrmproject\x64\debug\egg.obj
c:\users\1501343\desktop\卒制\trunk\project\rrmprojects\rrmproject\x64\debug\enemy.obj
c:\users\1501343\desktop\卒制\trunk\project\rrmprojects\rrmproject\x64\debug\enemyfactory.obj
c:\users\1501343\desktop\卒制\trunk\project\rrmprojects\rrmproject\x64\debug\enemymanager.obj
c:\users\1501343\desktop\卒制\trunk\project\rrmprojects\rrmproject\x64\debug\fade.obj
c:\users\1501343\desktop\卒制\trunk\project\rrmprojects\rrmproject\x64\debug\file.obj
c:\users\1501343\desktop\卒制\trunk\project\rrmprojects\rrmproject\x64\debug\food.obj
c:\users\1501343\desktop\卒制\trunk\project\rrmprojects\rrmproject\x64\debug\abstractspell.obj
c:\users\1501343\desktop\卒制\trunk\project\rrmprojects\rrmproject\x64\debug\arrow.obj
c:\users\1501343\desktop\卒制\trunk\project\rrmprojects\rrmproject\x64\debug\backgroundrendar.obj
c:\users\1501343\desktop\卒制\trunk\project\rrmprojects\rrmproject\x64\debug\bezierbullet.obj
c:\users\1501343\desktop\卒制\trunk\project\rrmprojects\rrmproject\x64\debug\block.obj
c:\users\1501343\desktop\卒制\trunk\project\rrmprojects\rrmproject\x64\debug\bullet.obj
c:\users\1501343\desktop\卒制\trunk\project\rrmprojects\rrmproject\x64\debug\bulletfactory.obj
c:\users\1501343\desktop\卒制\trunk\project\rrmprojects\rrmproject\x64\debug\bulletmanager.obj
c:\users\1501343\desktop\卒制\trunk\project\rrmprojects\rrmproject\x64\debug\camera.obj
c:\users\1501343\desktop\卒制\trunk\project\rrmprojects\rrmproject\x64\debug\circle.obj
c:\users\1501343\desktop\卒制\trunk\project\rrmprojects\rrmproject\x64\debug\circlebullet.obj
c:\users\1501344\desktop\新しいフォルダー (2)\trunk\project\rrmprojects\rrmproject\x64\debug\rectobj.obj
c:\users\1501344\desktop\新しいフォルダー (2)\trunk\project\rrmprojects\rrmproject\x64\debug\slowdown.obj
c:\users\1501344\desktop\新しいフォルダー (2)\trunk\project\rrmprojects\rrmproject\x64\debug\timer.obj
c:\users\1501344\desktop\新しいフォルダー (2)\trunk\project\rrmprojects\rrmproject\x64\debug\ui.obj
c:\users\1501344\desktop\新しいフォルダー (2)\trunk\project\rrmprojects\rrmproject\x64\debug\uifactory.obj
c:\users\1501344\desktop\新しいフォルダー (2)\trunk\project\rrmprojects\rrmproject\x64\debug\uimanager.obj
c:\users\1501344\desktop\新しいフォルダー (2)\trunk\project\rrmprojects\rrmproject\x64\debug\xinput.obj
c:\users\1501344\desktop\新しいフォルダー (2)\trunk\project\rrmprojects\rrmproject\x64\debug\scene.obj
c:\users\1501344\desktop\新しいフォルダー (2)\trunk\project\rrmprojects\rrmproject\x64\debug\gameoverscene.obj
c:\users\1501344\desktop\新しいフォルダー (2)\trunk\project\rrmprojects\rrmproject\x64\debug\gametime.obj
c:\users\1501344\desktop\新しいフォルダー (2)\trunk\project\rrmprojects\rrmproject\x64\debug\hitpoint.obj
c:\users\1501344\desktop\新しいフォルダー (2)\trunk\project\rrmprojects\rrmproject\x64\debug\multihitprotect.obj
c:\users\1501344\desktop\新しいフォルダー (2)\trunk\project\rrmprojects\rrmproject\x64\debug\object.obj
c:\users\1501344\desktop\新しいフォルダー (2)\trunk\project\rrmprojects\rrmproject\x64\debug\powerpoint.obj
c:\users\1501344\desktop\新しいフォルダー (2)\trunk\project\rrmprojects\rrmproject\x64\debug\circleobj.obj
c:\users\1501344\desktop\新しいフォルダー (2)\trunk\project\rrmprojects\rrmproject\x64\debug\clearscene.obj
c:\users\1501344\desktop\新しいフォルダー (2)\trunk\project\rrmprojects\rrmproject\x64\debug\datamanager.obj
c:\users\1501344\desktop\新しいフォルダー (2)\trunk\project\rrmprojects\rrmproject\x64\debug\digestion.obj
c:\users\1501344\desktop\新しいフォルダー (2)\trunk\project\rrmprojects\rrmproject\x64\debug\effect.obj
c:\users\1501344\desktop\新しいフォルダー (2)\trunk\project\rrmprojects\rrmproject\x64\debug\effectmanager.obj
c:\users\1501344\desktop\新しいフォルダー (2)\trunk\project\rrmprojects\rrmproject\x64\debug\enemy.obj
c:\users\1501344\desktop\新しいフォルダー (2)\trunk\project\rrmprojects\rrmproject\x64\debug\enemymanager.obj
c:\users\1501344\desktop\新しいフォルダー (2)\trunk\project\rrmprojects\rrmproject\x64\debug\file.obj
c:\users\1501344\desktop\新しいフォルダー (2)\trunk\project\rrmprojects\rrmproject\x64\debug\food.obj
c:\users\1501344\desktop\新しいフォルダー (2)\trunk\project\rrmprojects\rrmproject\x64\debug\abstractspell.obj
c:\users\1501344\desktop\新しいフォルダー (2)\trunk\project\rrmprojects\rrmproject\x64\debug\camera.obj
c:\users\1501344\desktop\新しいフォルダー (2)\trunk\project\rrmprojects\x64\debug\rrmproject.ilk
c:\users\1501344\desktop\新しいフォルダー (2)\trunk\project\rrmprojects\x64\debug\rrmproject.exe
c:\users\1501344\desktop\新しいフォルダー (2)\trunk\project\rrmprojects\x64\debug\rrmproject.pdb
c:\users\1501344\desktop\新しいフォルダー (2)\trunk\project\rrmprojects\x64\debug\rrmproject.lib
c:\users\1501344\desktop\新しいフォルダー (2)\trunk\project\rrmprojects\x64\debug\rrmproject.exp
c:\users\1501343\desktop\卒制\trunk\project\rrmprojects\x64\debug\rrmproject.lib
c:\users\1501343\desktop\卒制\trunk\project\rrmprojects\x64\debug\rrmproject.exp
c:\users\1501344\desktop\新しいフォルダー (2)\trunk\project\rrmprojects\rrmproject\x64\debug\bulletmaneger.obj
c:\users\1501344\desktop\新しいフォルダー (2)\trunk\project\rrmprojects\rrmproject\x64\debug\command.obj
c:\users\1501344\desktop\新しいフォルダー (2)\trunk\project\rrmprojects\rrmproject\x64\debug\enemymaneger.obj
c:\users\1501344\desktop\新しいフォルダー (2)\trunk\project\rrmprojects\rrmproject\x64\debug\mapmaneger.obj
c:\users\1501344\desktop\新しいフォルダー (2)\trunk\project\rrmprojects\rrmproject\x64\debug\myfile.obj
c:\users\1501344\desktop\新しいフォルダー (2)\trunk\project\rrmprojects\rrmproject\x64\debug\slowbullet.obj
c:\users\1501344\desktop\新しいフォルダー (2)\trunk\project\rrmprojects\rrmproject\x64\debug\officialscene.obj.enc
c:\users\1501344\desktop\新しいフォルダー (2)\trunk\project\rrmprojects\rrmproject\x64\debug\vc120.idb
c:\users\1501344\desktop\新しいフォルダー (2)\trunk\project\rrmprojects\rrmproject\x64\debug\vc120.pdb
c:\users\1501344\desktop\新しいフォルダー (2)\trunk\project\rrmprojects\rrmproject\x64\debug\rrmproject.tlog\cl.command.1.tlog
c:\users\1501344\desktop\新しいフォルダー (2)\trunk\project\rrmprojects\rrmproject\x64\debug\rrmproject.tlog\cl.read.1.tlog
c:\users\1501344\desktop\新しいフォルダー (2)\trunk\project\rrmprojects\rrmproject\x64\debug\rrmproject.tlog\cl.write.1.tlog
c:\users\1501344\desktop\新しいフォルダー (2)\trunk\project\rrmprojects\rrmproject\x64\debug\rrmproject.tlog\link.command.1.tlog
c:\users\1501344\desktop\新しいフォルダー (2)\trunk\project\rrmprojects\rrmproject\x64\debug\rrmproject.tlog\link.read.1.tlog
c:\users\1501344\desktop\新しいフォルダー (2)\trunk\project\rrmprojects\rrmproject\x64\debug\rrmproject.tlog\link.write.1.tlog
c:\users\1501344\desktop\新しいフォルダー (2)\trunk\project\rrmprojects\rrmproject\x64\debug\rrmproject.tlog\rrmproject.write.1u.tlog
