c:\users\1501343\desktop\卒制\trunk\project\directx11\directx11\debug\vc140.pdb
c:\users\1501343\desktop\卒制\trunk\project\directx11\directx11\debug\vc140.idb
c:\users\1501343\desktop\卒制\trunk\project\directx11\directx11\debug\devicedx11.obj
c:\users\1501343\desktop\卒制\trunk\project\directx11\directx11\debug\dinput.obj
c:\users\1501343\desktop\卒制\trunk\project\directx11\directx11\debug\geometrygraph.obj
c:\users\1501343\desktop\卒制\trunk\project\directx11\directx11\debug\graphic.obj
c:\users\1501343\desktop\卒制\trunk\project\directx11\directx11\debug\graphlist.obj
c:\users\1501343\desktop\卒制\trunk\project\directx11\directx11\debug\main.obj
c:\users\1501343\desktop\卒制\trunk\project\directx11\directx11\debug\mediacontrol.obj
c:\users\1501343\desktop\卒制\trunk\project\directx11\directx11\debug\mediaplayer.obj
c:\users\1501343\desktop\卒制\trunk\project\directx11\directx11\debug\readmp3.obj
c:\users\1501343\desktop\卒制\trunk\project\directx11\directx11\debug\renderer.obj
c:\users\1501343\desktop\卒制\trunk\project\directx11\directx11\debug\soundmanager.obj
c:\users\1501343\desktop\卒制\trunk\project\directx11\directx11\debug\windowcontrol.obj
c:\users\1501343\desktop\卒制\trunk\project\directx11\directx11\debug\xaudio.obj
c:\users\1501343\desktop\卒制\trunk\project\directx11\debug\2dshader.cso
c:\users\1501343\desktop\卒制\trunk\project\directx11\debug\baseshader.cso
c:\users\1501343\desktop\卒制\trunk\project\directx11\debug\directx11.pdb
c:\users\1501343\desktop\卒制\trunk\project\directx11\directx11\debug\directx11.tlog\cl.command.1.tlog
c:\users\1501343\desktop\卒制\trunk\project\directx11\directx11\debug\directx11.tlog\cl.read.1.tlog
c:\users\1501343\desktop\卒制\trunk\project\directx11\directx11\debug\directx11.tlog\cl.write.1.tlog
c:\users\1501343\desktop\卒制\trunk\project\directx11\directx11\debug\directx11.tlog\directx11.write.1u.tlog
c:\users\1501343\desktop\卒制\trunk\project\directx11\directx11\debug\directx11.tlog\fxc.command.1.tlog
c:\users\1501343\desktop\卒制\trunk\project\directx11\directx11\debug\directx11.tlog\fxc.read.1.tlog
c:\users\1501343\desktop\卒制\trunk\project\directx11\directx11\debug\directx11.tlog\fxc.write.1.tlog
c:\users\1501343\desktop\卒制\trunk\project\directx11\directx11\debug\directx11.tlog\link-cvtres.read.1.tlog
c:\users\1501343\desktop\卒制\trunk\project\directx11\directx11\debug\directx11.tlog\link-cvtres.write.1.tlog
c:\users\1501343\desktop\卒制\trunk\project\directx11\directx11\debug\directx11.tlog\link-rc.read.1.tlog
c:\users\1501343\desktop\卒制\trunk\project\directx11\directx11\debug\directx11.tlog\link-rc.write.1.tlog
c:\users\1501343\desktop\卒制\trunk\project\directx11\directx11\debug\directx11.tlog\link.command.1.tlog
c:\users\1501343\desktop\卒制\trunk\project\directx11\directx11\debug\directx11.tlog\link.read.1.tlog
c:\users\1501343\desktop\卒制\trunk\project\directx11\directx11\debug\directx11.tlog\link.write.1.tlog
