c:\users\1501343\desktop\わい\rrmlib\rrmlib\debug\rrmlib.pdb
c:\users\1501343\desktop\わい\rrmlib\rrmlib\debug\rrmlib.idb
c:\users\1501343\desktop\わい\rrmlib\rrmlib\debug\devicedx11.obj
c:\users\1501343\desktop\わい\rrmlib\rrmlib\debug\dinput.obj
c:\users\1501343\desktop\わい\rrmlib\rrmlib\debug\graphic.obj
c:\users\1501343\desktop\わい\rrmlib\rrmlib\debug\rrmlib.obj
c:\users\1501343\desktop\わい\rrmlib\rrmlib\debug\windowcontrol.obj
c:\users\1501343\desktop\わい\rrmlib\rrmlib\debug\geometrygraph.obj
c:\users\1501343\desktop\わい\rrmlib\rrmlib\debug\main.obj
c:\users\1501343\desktop\わい\rrmlib\rrmlib\debug\mediacontrol.obj
c:\users\1501343\desktop\わい\rrmlib\rrmlib\debug\mediaplayer.obj
c:\users\1501343\desktop\わい\rrmlib\rrmlib\debug\readmp3.obj
c:\users\1501343\desktop\わい\rrmlib\rrmlib\debug\xaudio.obj
c:\users\1501343\desktop\わい\rrmlib\rrmlib\debug\soundmanager.obj
c:\users\1501343\desktop\わい\rrmlib\debug\2dshader.cso
c:\users\1501343\desktop\わい\rrmlib\debug\baseshader.cso
c:\users\1501343\desktop\わい\rrmlib\debug\rrmlib.lib
c:\users\1501343\desktop\わい\rrmlib\debug\rrmlib.pdb
c:\users\1501343\desktop\わい\rrmlib\rrmlib\debug\rrmlib.tlog\cl.command.1.tlog
c:\users\1501343\desktop\わい\rrmlib\rrmlib\debug\rrmlib.tlog\cl.read.1.tlog
c:\users\1501343\desktop\わい\rrmlib\rrmlib\debug\rrmlib.tlog\cl.write.1.tlog
c:\users\1501343\desktop\わい\rrmlib\rrmlib\debug\rrmlib.tlog\fxc.command.1.tlog
c:\users\1501343\desktop\わい\rrmlib\rrmlib\debug\rrmlib.tlog\fxc.read.1.tlog
c:\users\1501343\desktop\わい\rrmlib\rrmlib\debug\rrmlib.tlog\fxc.write.1.tlog
c:\users\1501343\desktop\わい\rrmlib\rrmlib\debug\rrmlib.tlog\lib-link.read.1.tlog
c:\users\1501343\desktop\わい\rrmlib\rrmlib\debug\rrmlib.tlog\lib-link.write.1.tlog
c:\users\1501343\desktop\わい\rrmlib\rrmlib\debug\rrmlib.tlog\lib.command.1.tlog
c:\users\1501343\desktop\わい\rrmlib\rrmlib\debug\rrmlib.tlog\rrmlib.write.1u.tlog
