c:\users\1501344\desktop\新しいフォルダー (2)\trunk\project\rrmprojects\rrmproject\debug\vc140.pdb
c:\users\1501344\desktop\新しいフォルダー (2)\trunk\project\rrmprojects\rrmproject\debug\vc140.idb
c:\users\1501344\desktop\新しいフォルダー (2)\trunk\project\rrmprojects\rrmproject\debug\rect.obj
c:\users\1501344\desktop\新しいフォルダー (2)\trunk\project\rrmprojects\rrmproject\debug\rectobj.obj
c:\users\1501344\desktop\新しいフォルダー (2)\trunk\project\rrmprojects\rrmproject\debug\shootingstar.obj
c:\users\1501344\desktop\新しいフォルダー (2)\trunk\project\rrmprojects\rrmproject\debug\sinbullet.obj
c:\users\1501344\desktop\新しいフォルダー (2)\trunk\project\rrmprojects\rrmproject\debug\slowdown.obj
c:\users\1501344\desktop\新しいフォルダー (2)\trunk\project\rrmprojects\rrmproject\debug\soundmanager.obj
c:\users\1501344\desktop\新しいフォルダー (2)\trunk\project\rrmprojects\rrmproject\debug\spell.obj
c:\users\1501344\desktop\新しいフォルダー (2)\trunk\project\rrmprojects\rrmproject\debug\testspell.obj
c:\users\1501344\desktop\新しいフォルダー (2)\trunk\project\rrmprojects\rrmproject\debug\timer.obj
c:\users\1501344\desktop\新しいフォルダー (2)\trunk\project\rrmprojects\rrmproject\debug\ui.obj
c:\users\1501344\desktop\新しいフォルダー (2)\trunk\project\rrmprojects\rrmproject\debug\uifactory.obj
c:\users\1501344\desktop\新しいフォルダー (2)\trunk\project\rrmprojects\rrmproject\debug\uimanager.obj
c:\users\1501344\desktop\新しいフォルダー (2)\trunk\project\rrmprojects\rrmproject\debug\upeffect.obj
c:\users\1501344\desktop\新しいフォルダー (2)\trunk\project\rrmprojects\rrmproject\debug\xinput.obj
c:\users\1501344\desktop\新しいフォルダー (2)\trunk\project\rrmprojects\rrmproject\debug\main.obj
c:\users\1501344\desktop\新しいフォルダー (2)\trunk\project\rrmprojects\rrmproject\debug\menuscene.obj
c:\users\1501344\desktop\新しいフォルダー (2)\trunk\project\rrmprojects\rrmproject\debug\officialscene.obj
c:\users\1501344\desktop\新しいフォルダー (2)\trunk\project\rrmprojects\rrmproject\debug\resultscene.obj
c:\users\1501344\desktop\新しいフォルダー (2)\trunk\project\rrmprojects\rrmproject\debug\scene.obj
c:\users\1501344\desktop\新しいフォルダー (2)\trunk\project\rrmprojects\rrmproject\debug\titlescene.obj
c:\users\1501344\desktop\新しいフォルダー (2)\trunk\project\rrmprojects\rrmproject\debug\gamemain.obj
c:\users\1501344\desktop\新しいフォルダー (2)\trunk\project\rrmprojects\rrmproject\debug\gameoverscene.obj
c:\users\1501344\desktop\新しいフォルダー (2)\trunk\project\rrmprojects\rrmproject\debug\gamescene.obj
c:\users\1501344\desktop\新しいフォルダー (2)\trunk\project\rrmprojects\rrmproject\debug\gametime.obj
c:\users\1501344\desktop\新しいフォルダー (2)\trunk\project\rrmprojects\rrmproject\debug\generaleffect.obj
c:\users\1501344\desktop\新しいフォルダー (2)\trunk\project\rrmprojects\rrmproject\debug\graphicload.obj
c:\users\1501344\desktop\新しいフォルダー (2)\trunk\project\rrmprojects\rrmproject\debug\hamburger.obj
c:\users\1501344\desktop\新しいフォルダー (2)\trunk\project\rrmprojects\rrmproject\debug\hitpoint.obj
c:\users\1501344\desktop\新しいフォルダー (2)\trunk\project\rrmprojects\rrmproject\debug\homingbullet.obj
c:\users\1501344\desktop\新しいフォルダー (2)\trunk\project\rrmprojects\rrmproject\debug\hpbar.obj
c:\users\1501344\desktop\新しいフォルダー (2)\trunk\project\rrmprojects\rrmproject\debug\lazer.obj
c:\users\1501344\desktop\新しいフォルダー (2)\trunk\project\rrmprojects\rrmproject\debug\mapmanager.obj
c:\users\1501344\desktop\新しいフォルダー (2)\trunk\project\rrmprojects\rrmproject\debug\maprendar.obj
c:\users\1501344\desktop\新しいフォルダー (2)\trunk\project\rrmprojects\rrmproject\debug\meat.obj
c:\users\1501344\desktop\新しいフォルダー (2)\trunk\project\rrmprojects\rrmproject\debug\multihitprotect.obj
c:\users\1501344\desktop\新しいフォルダー (2)\trunk\project\rrmprojects\rrmproject\debug\mushroom.obj
c:\users\1501344\desktop\新しいフォルダー (2)\trunk\project\rrmprojects\rrmproject\debug\normalbullet.obj
c:\users\1501344\desktop\新しいフォルダー (2)\trunk\project\rrmprojects\rrmproject\debug\object.obj
c:\users\1501344\desktop\新しいフォルダー (2)\trunk\project\rrmprojects\rrmproject\debug\player.obj
c:\users\1501344\desktop\新しいフォルダー (2)\trunk\project\rrmprojects\rrmproject\debug\powerpoint.obj
c:\users\1501344\desktop\新しいフォルダー (2)\trunk\project\rrmprojects\rrmproject\debug\circleobj.obj
c:\users\1501344\desktop\新しいフォルダー (2)\trunk\project\rrmprojects\rrmproject\debug\circleshot.obj
c:\users\1501344\desktop\新しいフォルダー (2)\trunk\project\rrmprojects\rrmproject\debug\clearscene.obj
c:\users\1501344\desktop\新しいフォルダー (2)\trunk\project\rrmprojects\rrmproject\debug\collision.obj
c:\users\1501344\desktop\新しいフォルダー (2)\trunk\project\rrmprojects\rrmproject\debug\comet.obj
c:\users\1501344\desktop\新しいフォルダー (2)\trunk\project\rrmprojects\rrmproject\debug\datamanager.obj
c:\users\1501344\desktop\新しいフォルダー (2)\trunk\project\rrmprojects\rrmproject\debug\deffusionbullet.obj
c:\users\1501344\desktop\新しいフォルダー (2)\trunk\project\rrmprojects\rrmproject\debug\digestion.obj
c:\users\1501344\desktop\新しいフォルダー (2)\trunk\project\rrmprojects\rrmproject\debug\dinput.obj
c:\users\1501344\desktop\新しいフォルダー (2)\trunk\project\rrmprojects\rrmproject\debug\downeffect.obj
c:\users\1501344\desktop\新しいフォルダー (2)\trunk\project\rrmprojects\rrmproject\debug\effect.obj
c:\users\1501344\desktop\新しいフォルダー (2)\trunk\project\rrmprojects\rrmproject\debug\effectfactory.obj
c:\users\1501344\desktop\新しいフォルダー (2)\trunk\project\rrmprojects\rrmproject\debug\effectmanager.obj
c:\users\1501344\desktop\新しいフォルダー (2)\trunk\project\rrmprojects\rrmproject\debug\egg.obj
c:\users\1501344\desktop\新しいフォルダー (2)\trunk\project\rrmprojects\rrmproject\debug\enemy.obj
c:\users\1501344\desktop\新しいフォルダー (2)\trunk\project\rrmprojects\rrmproject\debug\enemyfactory.obj
c:\users\1501344\desktop\新しいフォルダー (2)\trunk\project\rrmprojects\rrmproject\debug\enemymanager.obj
c:\users\1501344\desktop\新しいフォルダー (2)\trunk\project\rrmprojects\rrmproject\debug\fade.obj
c:\users\1501344\desktop\新しいフォルダー (2)\trunk\project\rrmprojects\rrmproject\debug\file.obj
c:\users\1501344\desktop\新しいフォルダー (2)\trunk\project\rrmprojects\rrmproject\debug\food.obj
c:\users\1501344\desktop\新しいフォルダー (2)\trunk\project\rrmprojects\rrmproject\debug\abstractspell.obj
c:\users\1501344\desktop\新しいフォルダー (2)\trunk\project\rrmprojects\rrmproject\debug\arrow.obj
c:\users\1501344\desktop\新しいフォルダー (2)\trunk\project\rrmprojects\rrmproject\debug\backgroundrendar.obj
c:\users\1501344\desktop\新しいフォルダー (2)\trunk\project\rrmprojects\rrmproject\debug\bezierbullet.obj
c:\users\1501344\desktop\新しいフォルダー (2)\trunk\project\rrmprojects\rrmproject\debug\block.obj
c:\users\1501344\desktop\新しいフォルダー (2)\trunk\project\rrmprojects\rrmproject\debug\bullet.obj
c:\users\1501344\desktop\新しいフォルダー (2)\trunk\project\rrmprojects\rrmproject\debug\bulletfactory.obj
c:\users\1501344\desktop\新しいフォルダー (2)\trunk\project\rrmprojects\rrmproject\debug\bulletmanager.obj
c:\users\1501344\desktop\新しいフォルダー (2)\trunk\project\rrmprojects\rrmproject\debug\camera.obj
c:\users\1501344\desktop\新しいフォルダー (2)\trunk\project\rrmprojects\rrmproject\debug\circle.obj
c:\users\1501344\desktop\新しいフォルダー (2)\trunk\project\rrmprojects\rrmproject\debug\circlebullet.obj
c:\users\1501344\desktop\新しいフォルダー (2)\trunk\project\rrmprojects\rrmproject\debug\normalblock.obj
c:\users\1501344\desktop\新しいフォルダー (2)\trunk\project\rrmprojects\rrmproject\debug\throughblock.obj
c:\users\1501344\desktop\新しいフォルダー (2)\trunk\project\rrmprojects\rrmproject\debug\blockmanager.obj
c:\users\1501344\desktop\新しいフォルダー (2)\trunk\project\rrmprojects\rrmproject\debug\armor.obj
c:\users\1501344\desktop\新しいフォルダー (2)\trunk\project\rrmprojects\rrmproject\debug\fps.obj
c:\users\1501344\desktop\新しいフォルダー (2)\trunk\project\rrmprojects\rrmproject\debug\hitbox.obj
c:\users\1501344\desktop\新しいフォルダー (2)\trunk\project\rrmprojects\rrmproject\debug\hitstop.obj
c:\users\1501344\desktop\新しいフォルダー (2)\trunk\project\rrmprojects\rrmproject\debug\playerhitbox.obj
c:\users\1501344\desktop\新しいフォルダー (2)\trunk\project\rrmprojects\debug\rrmproject.lib
c:\users\1501344\desktop\新しいフォルダー (2)\trunk\project\rrmprojects\debug\rrmproject.exp
c:\users\1501344\desktop\新しいフォルダー (2)\trunk\project\rrmprojects\rrmproject\debug\input.obj
c:\users\1501344\desktop\新しいフォルダー (2)\trunk\project\rrmprojects\rrmproject\debug\collision.obj.enc
c:\users\1501344\desktop\新しいフォルダー (2)\trunk\project\rrmprojects\rrmproject\debug\maprendar.obj.enc
c:\users\1501344\desktop\新しいフォルダー (2)\trunk\project\rrmprojects\rrmproject\debug\myfile.obj.enc
c:\users\1501344\desktop\新しいフォルダー (2)\trunk\project\rrmprojects\rrmproject\debug\rrmproject.ilk
c:\users\1501344\desktop\新しいフォルダー (2)\trunk\project\rrmprojects\rrmproject\debug\rrmproject.exp
c:\users\1501344\desktop\新しいフォルダー (2)\trunk\project\rrmprojects\rrmproject\debug\rrmproject.pdb
c:\users\1501344\desktop\新しいフォルダー (2)\trunk\project\rrmprojects\debug\rrmproject.pdb
c:\users\1501344\desktop\新しいフォルダー (2)\trunk\project\rrmprojects\rrmproject\debug\rrmproject.tlog\cl.command.1.tlog
c:\users\1501344\desktop\新しいフォルダー (2)\trunk\project\rrmprojects\rrmproject\debug\rrmproject.tlog\cl.read.1.tlog
c:\users\1501344\desktop\新しいフォルダー (2)\trunk\project\rrmprojects\rrmproject\debug\rrmproject.tlog\cl.write.1.tlog
c:\users\1501344\desktop\新しいフォルダー (2)\trunk\project\rrmprojects\rrmproject\debug\rrmproject.tlog\link.command.1.tlog
c:\users\1501344\desktop\新しいフォルダー (2)\trunk\project\rrmprojects\rrmproject\debug\rrmproject.tlog\link.read.1.tlog
c:\users\1501344\desktop\新しいフォルダー (2)\trunk\project\rrmprojects\rrmproject\debug\rrmproject.tlog\link.write.1.tlog
c:\users\1501344\desktop\新しいフォルダー (2)\trunk\project\rrmprojects\rrmproject\debug\rrmproject.tlog\rrmproject.write.1u.tlog
