  Player.cpp
c:\users\1501343\desktop\卒制\trunk\project\rrmprojects\rrmproject\player.cpp(343): warning C4244: '引数': 'int' から 'float' への変換です。データが失われる可能性があります。
  Bullet.cpp
  コードを生成中...
  スキップ中... (関連する変更は検出されませんでした)
  TitleScene.cpp
  TestSpell.cpp
  Spell.cpp
  ShootingStar.cpp
  ResultScene.cpp
  MenuScene.cpp
  MapManager.cpp
  Lazer.cpp
  GameScene.cpp
  GameMain.cpp
  EnemyFactory.cpp
  Egg.cpp
  Comet.cpp
  Collision.cpp
  CircleShot.cpp
  BulletManager.cpp
  BulletFactory.cpp
  RRMProject.vcxproj -> C:\Users\1501343\Desktop\卒制\trunk\Project\RRMProjectS\Debug\RRMProject.exe
  RRMProject.vcxproj -> C:\Users\1501343\Desktop\卒制\trunk\Project\RRMProjectS\Debug\RRMProject.pdb (Full PDB)
