  GameMain.cpp
  Egg.cpp
c:\users\1501343\desktop\卒制\trunk\project\rrmprojects\rrmproject\egg.cpp(42): warning C4244: '引数': 'time_t' から 'unsigned int' への変換です。データが失われる可能性があります。
c:\users\1501343\desktop\卒制\trunk\project\rrmprojects\rrmproject\egg.cpp(213): warning C4244: '=': 'double' から 'float' への変換です。データが失われる可能性があります。
c:\users\1501343\desktop\卒制\trunk\project\rrmprojects\rrmproject\egg.cpp(214): warning C4244: '=': 'double' から 'float' への変換です。データが失われる可能性があります。
  コードを生成中...
  スキップ中... (関連する変更は検出されませんでした)
  main.cpp
  TitleScene.cpp
  ResultScene.cpp
  Player.cpp
  OfficialScene.cpp
  MenuScene.cpp
  MapRendar.cpp
  MapManager.cpp
  Lazer.cpp
  GameScene.cpp
  File.cpp
  DataManager.cpp
  BulletManager.cpp
  BackgroundRendar.cpp
  RRMProject.vcxproj -> C:\Users\1501343\Desktop\卒制\trunk\Project\RRMProjectS\Debug\RRMProject.exe
  RRMProject.vcxproj -> C:\Users\1501343\Desktop\卒制\trunk\Project\RRMProjectS\Debug\RRMProject.pdb (Full PDB)
